This file contains any messages produced by compilers while
running configure, to aid debugging if configure makes a mistake.

It was created by configure, which was
generated by GNU Autoconf 2.57.  Invocation command line was

  $ ./configure 

## --------- ##
## Platform. ##
## --------- ##

hostname = ubuntu
uname -m = i686
uname -r = 2.6.31-14-generic
uname -s = Linux
uname -v = #48-Ubuntu SMP Fri Oct 16 14:04:26 UTC 2009

/usr/bin/uname -p = unknown
/bin/uname -X     = unknown

/bin/arch              = unknown
/usr/bin/arch -k       = unknown
/usr/convex/getsysinfo = unknown
hostinfo               = unknown
/bin/machine           = unknown
/usr/bin/oslevel       = unknown
/bin/universe          = unknown

PATH: /usr/local/sbin
PATH: /usr/local/bin
PATH: /usr/sbin
PATH: /usr/bin
PATH: /sbin
PATH: /bin
PATH: /usr/games
PATH: /opt/freescale/usr/local/gcc-4.6.2-glibc-2.13-linaro-multilib-2011.12/fsl-linaro-toolchain/bin/
PATH: .
PATH: /root/WD/petalinux-v2014.2-final/tools/linux-i386/arm-xilinx-gnueabi/bin/
PATH: /root/WD/petalinux-v2014.2-final/tools/linux-i386/arm-xilinx-linux-gnueabi/bin/
PATH: /root/WD/petalinux-v2014.2-final/tools/linux-i386/arm-xilinx-gnueabi/bin/
PATH: /root/WD/petalinux-v2014.2-final/tools/linux-i386/arm-xilinx-linux-gnueabi/bin/


## ----------- ##
## Core tests. ##
## ----------- ##

configure:1317: checking for a BSD-compatible install
configure:1371: result: /usr/bin/install -c
configure:1382: checking whether build environment is sane
configure:1425: result: yes
configure:1458: checking for gawk
configure:1474: found /usr/bin/gawk
configure:1484: result: gawk
configure:1494: checking whether make sets $(MAKE)
configure:1514: result: yes
configure:1678: checking build system type
configure:1696: result: i686-pc-linux-gnu
configure:1704: checking host system type
configure:1718: result: i686-pc-linux-gnu
configure:1740: checking for a BSD-compatible install
configure:1794: result: /usr/bin/install -c
configure:1851: checking for gcc
configure:1877: result: gcc
configure:2121: checking for C compiler version
configure:2124: gcc --version </dev/null >&5
gcc (GCC) 4.1.3 20080704 (prerelease) (Ubuntu 4.1.2-27ubuntu1)
Copyright (C) 2006 Free Software Foundation, Inc.
This is free software; see the source for copying conditions.  There is NO
warranty; not even for MERCHANTABILITY or FITNESS FOR A PARTICULAR PURPOSE.

configure:2127: $? = 0
configure:2129: gcc -v </dev/null >&5
Using built-in specs.
Target: i486-linux-gnu
Configured with: ../src/configure -v --enable-languages=c,c++ --prefix=/usr --enable-shared --with-system-zlib --libexecdir=/usr/lib --without-included-gettext --enable-threads=posix --enable-nls --with-gxx-include-dir=/usr/include/c++/4.1.3 --program-suffix=-4.1 --enable-__cxa_atexit --enable-clocale=gnu --enable-libstdcxx-debug --with-tune=generic --enable-checking=release i486-linux-gnu
Thread model: posix
gcc version 4.1.3 20080704 (prerelease) (Ubuntu 4.1.2-27ubuntu1)
configure:2132: $? = 0
configure:2134: gcc -V </dev/null >&5
gcc: '-V' option must have argument
configure:2137: $? = 1
configure:2161: checking for C compiler default output
configure:2164: gcc    conftest.c  >&5
configure:2167: $? = 0
configure:2213: result: a.out
configure:2218: checking whether the C compiler works
configure:2224: ./a.out
configure:2227: $? = 0
configure:2244: result: yes
configure:2251: checking whether we are cross compiling
configure:2253: result: no
configure:2256: checking for suffix of executables
configure:2258: gcc -o conftest    conftest.c  >&5
configure:2261: $? = 0
configure:2286: result: 
configure:2292: checking for suffix of object files
configure:2314: gcc -c   conftest.c >&5
configure:2317: $? = 0
configure:2339: result: o
configure:2343: checking whether we are using the GNU C compiler
configure:2368: gcc -c   conftest.c >&5
configure:2371: $? = 0
configure:2374: test -s conftest.o
configure:2377: $? = 0
configure:2390: result: yes
configure:2396: checking whether gcc accepts -g
configure:2418: gcc -c -g  conftest.c >&5
configure:2421: $? = 0
configure:2424: test -s conftest.o
configure:2427: $? = 0
configure:2438: result: yes
configure:2455: checking for gcc option to accept ANSI C
configure:2516: gcc  -c -g -O2  conftest.c >&5
configure:2519: $? = 0
configure:2522: test -s conftest.o
configure:2525: $? = 0
configure:2543: result: none needed
configure:2561: gcc -c -g -O2  conftest.c >&5
conftest.c:2: error: expected '=', ',', ';', 'asm' or '__attribute__' before 'me'
configure:2564: $? = 1
configure: failed program was:
| #ifndef __cplusplus
|   choke me
| #endif
configure:2692: checking for style of include used by make
configure:2720: result: GNU
configure:2748: checking dependency style of gcc
configure:2810: result: gcc3
configure:2833: checking for flex
configure:2849: found /usr/local/bin/flex
configure:2859: result: flex
configure:2872: checking for yywrap in -lfl
configure:2903: gcc -o conftest -g -O2   conftest.c -lfl   >&5
configure:2906: $? = 0
configure:2909: test -s conftest
configure:2912: $? = 0
configure:2924: result: yes
configure:2992: checking lex output file root
configure:3003: flex conftest.l
configure:3006: $? = 0
configure:3018: result: lex.yy
configure:3023: checking whether yytext is a pointer
configure:3039: gcc -o conftest -g -O2   conftest.c  -lfl >&5
configure:3042: $? = 0
configure:3045: test -s conftest
configure:3048: $? = 0
configure:3061: result: yes
configure:3092: checking for bison
configure:3108: found /usr/local/bin/bison
configure:3118: result: bison -y
configure:3152: checking how to run the C preprocessor
configure:3188: gcc -E  conftest.c
configure:3194: $? = 0
configure:3226: gcc -E  conftest.c
configure:3228:28: error: ac_nonexistent.h: No such file or directory
configure:3232: $? = 1
configure: failed program was:
| #line 3217 "configure"
| /* confdefs.h.  */
| 
| #define PACKAGE_NAME ""
| #define PACKAGE_TARNAME ""
| #define PACKAGE_VERSION ""
| #define PACKAGE_STRING ""
| #define PACKAGE_BUGREPORT ""
| #define PACKAGE "cscope"
| #define VERSION "15.5"
| #define YYTEXT_POINTER 1
| /* end confdefs.h.  */
| #include <ac_nonexistent.h>
configure:3270: result: gcc -E
configure:3295: gcc -E  conftest.c
configure:3301: $? = 0
configure:3333: gcc -E  conftest.c
configure:3335:28: error: ac_nonexistent.h: No such file or directory
configure:3339: $? = 1
configure: failed program was:
| #line 3324 "configure"
| /* confdefs.h.  */
| 
| #define PACKAGE_NAME ""
| #define PACKAGE_TARNAME ""
| #define PACKAGE_VERSION ""
| #define PACKAGE_STRING ""
| #define PACKAGE_BUGREPORT ""
| #define PACKAGE "cscope"
| #define VERSION "15.5"
| #define YYTEXT_POINTER 1
| /* end confdefs.h.  */
| #include <ac_nonexistent.h>
configure:3382: checking for egrep
configure:3392: result: grep -E
configure:3548: checking "location of ncurses.h file"...
configure:3556: result: Found ncurses on /usr/include/ncurses.h
configure:3798: checking for ncurses version
configure:3817: result: 5.7
configure:3858: checking for ANSI C header files
configure:3884: gcc -c -g -O2  conftest.c >&5
configure:3887: $? = 0
configure:3890: test -s conftest.o
configure:3893: $? = 0
configure:3985: gcc -o conftest -g -O2   conftest.c  >&5
configure: In function 'main':
configure:3983: warning: incompatible implicit declaration of built-in function 'exit'
configure:3988: $? = 0
configure:3990: ./conftest
configure:3993: $? = 0
configure:4008: result: yes
configure:4032: checking for sys/types.h
configure:4049: gcc -c -g -O2  conftest.c >&5
configure:4052: $? = 0
configure:4055: test -s conftest.o
configure:4058: $? = 0
configure:4069: result: yes
configure:4032: checking for sys/stat.h
configure:4049: gcc -c -g -O2  conftest.c >&5
configure:4052: $? = 0
configure:4055: test -s conftest.o
configure:4058: $? = 0
configure:4069: result: yes
configure:4032: checking for stdlib.h
configure:4049: gcc -c -g -O2  conftest.c >&5
configure:4052: $? = 0
configure:4055: test -s conftest.o
configure:4058: $? = 0
configure:4069: result: yes
configure:4032: checking for string.h
configure:4049: gcc -c -g -O2  conftest.c >&5
configure:4052: $? = 0
configure:4055: test -s conftest.o
configure:4058: $? = 0
configure:4069: result: yes
configure:4032: checking for memory.h
configure:4049: gcc -c -g -O2  conftest.c >&5
configure:4052: $? = 0
configure:4055: test -s conftest.o
configure:4058: $? = 0
configure:4069: result: yes
configure:4032: checking for strings.h
configure:4049: gcc -c -g -O2  conftest.c >&5
configure:4052: $? = 0
configure:4055: test -s conftest.o
configure:4058: $? = 0
configure:4069: result: yes
configure:4032: checking for inttypes.h
configure:4049: gcc -c -g -O2  conftest.c >&5
configure:4052: $? = 0
configure:4055: test -s conftest.o
configure:4058: $? = 0
configure:4069: result: yes
configure:4032: checking for stdint.h
configure:4049: gcc -c -g -O2  conftest.c >&5
configure:4052: $? = 0
configure:4055: test -s conftest.o
configure:4058: $? = 0
configure:4069: result: yes
configure:4032: checking for unistd.h
configure:4049: gcc -c -g -O2  conftest.c >&5
configure:4052: $? = 0
configure:4055: test -s conftest.o
configure:4058: $? = 0
configure:4069: result: yes
configure:4091: checking regex.h usability
configure:4104: gcc -c -g -O2  conftest.c >&5
configure:4107: $? = 0
configure:4110: test -s conftest.o
configure:4113: $? = 0
configure:4123: result: yes
configure:4127: checking regex.h presence
configure:4138: gcc -E  conftest.c
configure:4144: $? = 0
configure:4163: result: yes
configure:4199: checking for regex.h
configure:4206: result: yes
configure:4223: checking for regcomp in -lregex
configure:4254: gcc -o conftest -g -O2   conftest.c -lregex   >&5
/usr/bin/ld: cannot find -lregex
collect2: ld returned 1 exit status
configure:4257: $? = 1
configure: failed program was:
| #line 4230 "configure"
| /* confdefs.h.  */
| 
| #define PACKAGE_NAME ""
| #define PACKAGE_TARNAME ""
| #define PACKAGE_VERSION ""
| #define PACKAGE_STRING ""
| #define PACKAGE_BUGREPORT ""
| #define PACKAGE "cscope"
| #define VERSION "15.5"
| #define YYTEXT_POINTER 1
| #define HAS_CURSES 1
| #define USE_NCURSES 1
| #define STDC_HEADERS 1
| #define HAVE_SYS_TYPES_H 1
| #define HAVE_SYS_STAT_H 1
| #define HAVE_STDLIB_H 1
| #define HAVE_STRING_H 1
| #define HAVE_MEMORY_H 1
| #define HAVE_STRINGS_H 1
| #define HAVE_INTTYPES_H 1
| #define HAVE_STDINT_H 1
| #define HAVE_UNISTD_H 1
| /* end confdefs.h.  */
| 
| /* Override any gcc2 internal prototype to avoid an error.  */
| #ifdef __cplusplus
| extern "C"
| #endif
| /* We use char because int might match the return type of a gcc2
|    builtin and then its argument prototype would still apply.  */
| char regcomp ();
| int
| main ()
| {
| regcomp ();
|   ;
|   return 0;
| }
configure:4275: result: no
configure:4294: checking for gnome-config
configure:4323: result: no
configure:4329: checking for pkg-config
configure:4345: found /usr/bin/pkg-config
configure:4355: result: true
configure:4410: checking for dirent.h that defines DIR
configure:4435: gcc -c -g -O2  conftest.c >&5
configure:4438: $? = 0
configure:4441: test -s conftest.o
configure:4444: $? = 0
configure:4455: result: yes
configure:4468: checking for library containing opendir
configure:4499: gcc -o conftest -g -O2   conftest.c  >&5
configure:4502: $? = 0
configure:4505: test -s conftest
configure:4508: $? = 0
configure:4567: result: none required
configure:4683: checking for ANSI C header files
configure:4833: result: yes
configure:4860: checking fcntl.h usability
configure:4873: gcc -c -g -O2  conftest.c >&5
configure:4876: $? = 0
configure:4879: test -s conftest.o
configure:4882: $? = 0
configure:4892: result: yes
configure:4896: checking fcntl.h presence
configure:4907: gcc -E  conftest.c
configure:4913: $? = 0
configure:4932: result: yes
configure:4968: checking for fcntl.h
configure:4975: result: yes
configure:4860: checking sys/window.h usability
configure:4873: gcc -c -g -O2  conftest.c >&5
configure:4922:24: error: sys/window.h: No such file or directory
configure:4876: $? = 1
configure: failed program was:
| #line 4862 "configure"
| /* confdefs.h.  */
| 
| #define PACKAGE_NAME ""
| #define PACKAGE_TARNAME ""
| #define PACKAGE_VERSION ""
| #define PACKAGE_STRING ""
| #define PACKAGE_BUGREPORT ""
| #define PACKAGE "cscope"
| #define VERSION "15.5"
| #define YYTEXT_POINTER 1
| #define HAS_CURSES 1
| #define USE_NCURSES 1
| #define STDC_HEADERS 1
| #define HAVE_SYS_TYPES_H 1
| #define HAVE_SYS_STAT_H 1
| #define HAVE_STDLIB_H 1
| #define HAVE_STRING_H 1
| #define HAVE_MEMORY_H 1
| #define HAVE_STRINGS_H 1
| #define HAVE_INTTYPES_H 1
| #define HAVE_STDINT_H 1
| #define HAVE_UNISTD_H 1
| #define HAVE_DIRENT_H 1
| #define STDC_HEADERS 1
| #define HAVE_FCNTL_H 1
| /* end confdefs.h.  */
| #include <stdio.h>
| #if HAVE_SYS_TYPES_H
| # include <sys/types.h>
| #endif
| #if HAVE_SYS_STAT_H
| # include <sys/stat.h>
| #endif
| #if STDC_HEADERS
| # include <stdlib.h>
| # include <stddef.h>
| #else
| # if HAVE_STDLIB_H
| #  include <stdlib.h>
| # endif
| #endif
| #if HAVE_STRING_H
| # if !STDC_HEADERS && HAVE_MEMORY_H
| #  include <memory.h>
| # endif
| # include <string.h>
| #endif
| #if HAVE_STRINGS_H
| # include <strings.h>
| #endif
| #if HAVE_INTTYPES_H
| # include <inttypes.h>
| #else
| # if HAVE_STDINT_H
| #  include <stdint.h>
| # endif
| #endif
| #if HAVE_UNISTD_H
| # include <unistd.h>
| #endif
| #include <sys/window.h>
configure:4892: result: no
configure:4896: checking sys/window.h presence
configure:4907: gcc -E  conftest.c
configure:4924:24: error: sys/window.h: No such file or directory
configure:4913: $? = 1
configure: failed program was:
| #line 4898 "configure"
| /* confdefs.h.  */
| 
| #define PACKAGE_NAME ""
| #define PACKAGE_TARNAME ""
| #define PACKAGE_VERSION ""
| #define PACKAGE_STRING ""
| #define PACKAGE_BUGREPORT ""
| #define PACKAGE "cscope"
| #define VERSION "15.5"
| #define YYTEXT_POINTER 1
| #define HAS_CURSES 1
| #define USE_NCURSES 1
| #define STDC_HEADERS 1
| #define HAVE_SYS_TYPES_H 1
| #define HAVE_SYS_STAT_H 1
| #define HAVE_STDLIB_H 1
| #define HAVE_STRING_H 1
| #define HAVE_MEMORY_H 1
| #define HAVE_STRINGS_H 1
| #define HAVE_INTTYPES_H 1
| #define HAVE_STDINT_H 1
| #define HAVE_UNISTD_H 1
| #define HAVE_DIRENT_H 1
| #define STDC_HEADERS 1
| #define HAVE_FCNTL_H 1
| /* end confdefs.h.  */
| #include <sys/window.h>
configure:4932: result: no
configure:4968: checking for sys/window.h
configure:4975: result: no
configure:4860: checking sys/termios.h usability
configure:4873: gcc -c -g -O2  conftest.c >&5
configure:4876: $? = 0
configure:4879: test -s conftest.o
configure:4882: $? = 0
configure:4892: result: yes
configure:4896: checking sys/termios.h presence
configure:4907: gcc -E  conftest.c
configure:4913: $? = 0
configure:4932: result: yes
configure:4968: checking for sys/termios.h
configure:4975: result: yes
configure:4851: checking for unistd.h
configure:4856: result: yes
configure:4989: checking for an ANSI C-conforming const
configure:5057: gcc -c -g -O2  conftest.c >&5
configure:5060: $? = 0
configure:5063: test -s conftest.o
configure:5066: $? = 0
configure:5077: result: yes
configure:5087: checking for mode_t
configure:5112: gcc -c -g -O2  conftest.c >&5
configure:5115: $? = 0
configure:5118: test -s conftest.o
configure:5121: $? = 0
configure:5132: result: yes
configure:5144: checking for pid_t
configure:5169: gcc -c -g -O2  conftest.c >&5
configure:5172: $? = 0
configure:5175: test -s conftest.o
configure:5178: $? = 0
configure:5189: result: yes
configure:5201: checking for size_t
configure:5226: gcc -c -g -O2  conftest.c >&5
configure:5229: $? = 0
configure:5232: test -s conftest.o
configure:5235: $? = 0
configure:5246: result: yes
configure:5259: checking return type of signal handlers
configure:5291: gcc -c -g -O2  conftest.c >&5
configure:5294: $? = 0
configure:5297: test -s conftest.o
configure:5300: $? = 0
configure:5311: result: void
configure:5327: checking for strchr
configure:5377: gcc -o conftest -g -O2   conftest.c  >&5
configure:5377: warning: conflicting types for built-in function 'strchr'
configure:5380: $? = 0
configure:5383: test -s conftest
configure:5386: $? = 0
configure:5397: result: yes
configure:5327: checking for memcpy
configure:5377: gcc -o conftest -g -O2   conftest.c  >&5
configure:5378: warning: conflicting types for built-in function 'memcpy'
configure:5380: $? = 0
configure:5383: test -s conftest
configure:5386: $? = 0
configure:5397: result: yes
configure:5327: checking for memset
configure:5377: gcc -o conftest -g -O2   conftest.c  >&5
configure:5379: warning: conflicting types for built-in function 'memset'
configure:5380: $? = 0
configure:5383: test -s conftest
configure:5386: $? = 0
configure:5397: result: yes
configure:5327: checking for setmode
configure:5377: gcc -o conftest -g -O2   conftest.c  >&5
/tmp/ccsqnvb3.o: In function `main':
/root/cedet-1.0.1/cscope-15.5/configure:5395: undefined reference to `setmode'
/tmp/ccsqnvb3.o:(.data+0x0): undefined reference to `setmode'
collect2: ld returned 1 exit status
configure:5380: $? = 1
configure: failed program was:
| #line 5332 "configure"
| /* confdefs.h.  */
| 
| #define PACKAGE_NAME ""
| #define PACKAGE_TARNAME ""
| #define PACKAGE_VERSION ""
| #define PACKAGE_STRING ""
| #define PACKAGE_BUGREPORT ""
| #define PACKAGE "cscope"
| #define VERSION "15.5"
| #define YYTEXT_POINTER 1
| #define HAS_CURSES 1
| #define USE_NCURSES 1
| #define STDC_HEADERS 1
| #define HAVE_SYS_TYPES_H 1
| #define HAVE_SYS_STAT_H 1
| #define HAVE_STDLIB_H 1
| #define HAVE_STRING_H 1
| #define HAVE_MEMORY_H 1
| #define HAVE_STRINGS_H 1
| #define HAVE_INTTYPES_H 1
| #define HAVE_STDINT_H 1
| #define HAVE_UNISTD_H 1
| #define HAVE_DIRENT_H 1
| #define STDC_HEADERS 1
| #define HAVE_FCNTL_H 1
| #define HAVE_SYS_TERMIOS_H 1
| #define HAVE_UNISTD_H 1
| #define RETSIGTYPE void
| #define HAVE_STRCHR 1
| #define HAVE_MEMCPY 1
| #define HAVE_MEMSET 1
| /* end confdefs.h.  */
| /* System header to define __stub macros and hopefully few prototypes,
|     which can conflict with char setmode (); below.
|     Prefer <limits.h> to <assert.h> if __STDC__ is defined, since
|     <limits.h> exists even on freestanding compilers.  */
| #ifdef __STDC__
| # include <limits.h>
| #else
| # include <assert.h>
| #endif
| /* Override any gcc2 internal prototype to avoid an error.  */
| #ifdef __cplusplus
| extern "C"
| {
| #endif
| /* We use char because int might match the return type of a gcc2
|    builtin and then its argument prototype would still apply.  */
| char setmode ();
| /* The GNU C library defines this for functions which it implements
|     to always fail with ENOSYS.  Some functions are actually named
|     something starting with __ and the normal name is an alias.  */
| #if defined (__stub_setmode) || defined (__stub___setmode)
| choke me
| #else
| char (*f) () = setmode;
| #endif
| #ifdef __cplusplus
| }
| #endif
| 
| int
| main ()
| {
| return f != setmode;
|   ;
|   return 0;
| }
configure:5397: result: no
configure:5327: checking for _setmode
configure:5377: gcc -o conftest -g -O2   conftest.c  >&5
/tmp/ccaXilRf.o: In function `main':
/root/cedet-1.0.1/cscope-15.5/configure:5395: undefined reference to `_setmode'
/tmp/ccaXilRf.o:(.data+0x0): undefined reference to `_setmode'
collect2: ld returned 1 exit status
configure:5380: $? = 1
configure: failed program was:
| #line 5332 "configure"
| /* confdefs.h.  */
| 
| #define PACKAGE_NAME ""
| #define PACKAGE_TARNAME ""
| #define PACKAGE_VERSION ""
| #define PACKAGE_STRING ""
| #define PACKAGE_BUGREPORT ""
| #define PACKAGE "cscope"
| #define VERSION "15.5"
| #define YYTEXT_POINTER 1
| #define HAS_CURSES 1
| #define USE_NCURSES 1
| #define STDC_HEADERS 1
| #define HAVE_SYS_TYPES_H 1
| #define HAVE_SYS_STAT_H 1
| #define HAVE_STDLIB_H 1
| #define HAVE_STRING_H 1
| #define HAVE_MEMORY_H 1
| #define HAVE_STRINGS_H 1
| #define HAVE_INTTYPES_H 1
| #define HAVE_STDINT_H 1
| #define HAVE_UNISTD_H 1
| #define HAVE_DIRENT_H 1
| #define STDC_HEADERS 1
| #define HAVE_FCNTL_H 1
| #define HAVE_SYS_TERMIOS_H 1
| #define HAVE_UNISTD_H 1
| #define RETSIGTYPE void
| #define HAVE_STRCHR 1
| #define HAVE_MEMCPY 1
| #define HAVE_MEMSET 1
| /* end confdefs.h.  */
| /* System header to define __stub macros and hopefully few prototypes,
|     which can conflict with char _setmode (); below.
|     Prefer <limits.h> to <assert.h> if __STDC__ is defined, since
|     <limits.h> exists even on freestanding compilers.  */
| #ifdef __STDC__
| # include <limits.h>
| #else
| # include <assert.h>
| #endif
| /* Override any gcc2 internal prototype to avoid an error.  */
| #ifdef __cplusplus
| extern "C"
| {
| #endif
| /* We use char because int might match the return type of a gcc2
|    builtin and then its argument prototype would still apply.  */
| char _setmode ();
| /* The GNU C library defines this for functions which it implements
|     to always fail with ENOSYS.  Some functions are actually named
|     something starting with __ and the normal name is an alias.  */
| #if defined (__stub__setmode) || defined (__stub____setmode)
| choke me
| #else
| char (*f) () = _setmode;
| #endif
| #ifdef __cplusplus
| }
| #endif
| 
| int
| main ()
| {
| return f != _setmode;
|   ;
|   return 0;
| }
configure:5397: result: no
configure:5417: checking for getcwd
configure:5467: gcc -o conftest -g -O2   conftest.c  >&5
configure:5470: $? = 0
configure:5473: test -s conftest
configure:5476: $? = 0
configure:5487: result: yes
configure:5417: checking for regcmp
configure:5467: gcc -o conftest -g -O2   conftest.c  >&5
/tmp/ccQu8HKI.o: In function `main':
/root/cedet-1.0.1/cscope-15.5/configure:5486: undefined reference to `regcmp'
/tmp/ccQu8HKI.o:(.data+0x0): undefined reference to `regcmp'
collect2: ld returned 1 exit status
configure:5470: $? = 1
configure: failed program was:
| #line 5422 "configure"
| /* confdefs.h.  */
| 
| #define PACKAGE_NAME ""
| #define PACKAGE_TARNAME ""
| #define PACKAGE_VERSION ""
| #define PACKAGE_STRING ""
| #define PACKAGE_BUGREPORT ""
| #define PACKAGE "cscope"
| #define VERSION "15.5"
| #define YYTEXT_POINTER 1
| #define HAS_CURSES 1
| #define USE_NCURSES 1
| #define STDC_HEADERS 1
| #define HAVE_SYS_TYPES_H 1
| #define HAVE_SYS_STAT_H 1
| #define HAVE_STDLIB_H 1
| #define HAVE_STRING_H 1
| #define HAVE_MEMORY_H 1
| #define HAVE_STRINGS_H 1
| #define HAVE_INTTYPES_H 1
| #define HAVE_STDINT_H 1
| #define HAVE_UNISTD_H 1
| #define HAVE_DIRENT_H 1
| #define STDC_HEADERS 1
| #define HAVE_FCNTL_H 1
| #define HAVE_SYS_TERMIOS_H 1
| #define HAVE_UNISTD_H 1
| #define RETSIGTYPE void
| #define HAVE_STRCHR 1
| #define HAVE_MEMCPY 1
| #define HAVE_MEMSET 1
| #define HAVE_GETCWD 1
| /* end confdefs.h.  */
| /* System header to define __stub macros and hopefully few prototypes,
|     which can conflict with char regcmp (); below.
|     Prefer <limits.h> to <assert.h> if __STDC__ is defined, since
|     <limits.h> exists even on freestanding compilers.  */
| #ifdef __STDC__
| # include <limits.h>
| #else
| # include <assert.h>
| #endif
| /* Override any gcc2 internal prototype to avoid an error.  */
| #ifdef __cplusplus
| extern "C"
| {
| #endif
| /* We use char because int might match the return type of a gcc2
|    builtin and then its argument prototype would still apply.  */
| char regcmp ();
| /* The GNU C library defines this for functions which it implements
|     to always fail with ENOSYS.  Some functions are actually named
|     something starting with __ and the normal name is an alias.  */
| #if defined (__stub_regcmp) || defined (__stub___regcmp)
| choke me
| #else
| char (*f) () = regcmp;
| #endif
| #ifdef __cplusplus
| }
| #endif
| 
| int
| main ()
| {
| return f != regcmp;
|   ;
|   return 0;
| }
configure:5487: result: no
configure:5417: checking for regcomp
configure:5467: gcc -o conftest -g -O2   conftest.c  >&5
configure:5470: $? = 0
configure:5473: test -s conftest
configure:5476: $? = 0
configure:5487: result: yes
configure:5417: checking for strerror
configure:5467: gcc -o conftest -g -O2   conftest.c  >&5
configure:5470: $? = 0
configure:5473: test -s conftest
configure:5476: $? = 0
configure:5487: result: yes
configure:5417: checking for vsnprintf
configure:5467: gcc -o conftest -g -O2   conftest.c  >&5
configure:5473: warning: conflicting types for built-in function 'vsnprintf'
configure:5470: $? = 0
configure:5473: test -s conftest
configure:5476: $? = 0
configure:5487: result: yes
configure:5417: checking for snprintf
configure:5467: gcc -o conftest -g -O2   conftest.c  >&5
configure:5474: warning: conflicting types for built-in function 'snprintf'
configure:5470: $? = 0
configure:5473: test -s conftest
configure:5476: $? = 0
configure:5487: result: yes
configure:5417: checking for lstat
configure:5467: gcc -o conftest -g -O2   conftest.c  >&5
configure:5470: $? = 0
configure:5473: test -s conftest
configure:5476: $? = 0
configure:5487: result: yes
configure:5501: checking for fixkeypad
configure:5551: gcc -o conftest -g -O2   conftest.c  >&5
/tmp/ccaIFxhO.o: In function `main':
/root/cedet-1.0.1/cscope-15.5/configure:5575: undefined reference to `fixkeypad'
/tmp/ccaIFxhO.o:(.data+0x0): undefined reference to `fixkeypad'
collect2: ld returned 1 exit status
configure:5554: $? = 1
configure: failed program was:
| #line 5506 "configure"
| /* confdefs.h.  */
| 
| #define PACKAGE_NAME ""
| #define PACKAGE_TARNAME ""
| #define PACKAGE_VERSION ""
| #define PACKAGE_STRING ""
| #define PACKAGE_BUGREPORT ""
| #define PACKAGE "cscope"
| #define VERSION "15.5"
| #define YYTEXT_POINTER 1
| #define HAS_CURSES 1
| #define USE_NCURSES 1
| #define STDC_HEADERS 1
| #define HAVE_SYS_TYPES_H 1
| #define HAVE_SYS_STAT_H 1
| #define HAVE_STDLIB_H 1
| #define HAVE_STRING_H 1
| #define HAVE_MEMORY_H 1
| #define HAVE_STRINGS_H 1
| #define HAVE_INTTYPES_H 1
| #define HAVE_STDINT_H 1
| #define HAVE_UNISTD_H 1
| #define HAVE_DIRENT_H 1
| #define STDC_HEADERS 1
| #define HAVE_FCNTL_H 1
| #define HAVE_SYS_TERMIOS_H 1
| #define HAVE_UNISTD_H 1
| #define RETSIGTYPE void
| #define HAVE_STRCHR 1
| #define HAVE_MEMCPY 1
| #define HAVE_MEMSET 1
| #define HAVE_GETCWD 1
| #define HAVE_REGCOMP 1
| #define HAVE_STRERROR 1
| #define HAVE_VSNPRINTF 1
| #define HAVE_SNPRINTF 1
| #define HAVE_LSTAT 1
| /* end confdefs.h.  */
| /* System header to define __stub macros and hopefully few prototypes,
|     which can conflict with char fixkeypad (); below.
|     Prefer <limits.h> to <assert.h> if __STDC__ is defined, since
|     <limits.h> exists even on freestanding compilers.  */
| #ifdef __STDC__
| # include <limits.h>
| #else
| # include <assert.h>
| #endif
| /* Override any gcc2 internal prototype to avoid an error.  */
| #ifdef __cplusplus
| extern "C"
| {
| #endif
| /* We use char because int might match the return type of a gcc2
|    builtin and then its argument prototype would still apply.  */
| char fixkeypad ();
| /* The GNU C library defines this for functions which it implements
|     to always fail with ENOSYS.  Some functions are actually named
|     something starting with __ and the normal name is an alias.  */
| #if defined (__stub_fixkeypad) || defined (__stub___fixkeypad)
| choke me
| #else
| char (*f) () = fixkeypad;
| #endif
| #ifdef __cplusplus
| }
| #endif
| 
| int
| main ()
| {
| return f != fixkeypad;
|   ;
|   return 0;
| }
configure:5571: result: no
configure:5581: checking whether lstat dereferences a symlink specified with a trailing slash
configure:5613: gcc -o conftest -g -O2   conftest.c  >&5
configure:5616: $? = 0
configure:5618: ./conftest
configure:5621: $? = 0
configure:5642: result: yes
configure:5656: checking whether lstat accepts an empty string
configure:5682: gcc -o conftest -g -O2   conftest.c  >&5
configure:5685: $? = 0
configure:5687: ./conftest
configure:5690: $? = 1
configure: program exited with status 1
configure: failed program was:
| #line 5664 "configure"
| /* confdefs.h.  */
| 
| #define PACKAGE_NAME ""
| #define PACKAGE_TARNAME ""
| #define PACKAGE_VERSION ""
| #define PACKAGE_STRING ""
| #define PACKAGE_BUGREPORT ""
| #define PACKAGE "cscope"
| #define VERSION "15.5"
| #define YYTEXT_POINTER 1
| #define HAS_CURSES 1
| #define USE_NCURSES 1
| #define STDC_HEADERS 1
| #define HAVE_SYS_TYPES_H 1
| #define HAVE_SYS_STAT_H 1
| #define HAVE_STDLIB_H 1
| #define HAVE_STRING_H 1
| #define HAVE_MEMORY_H 1
| #define HAVE_STRINGS_H 1
| #define HAVE_INTTYPES_H 1
| #define HAVE_STDINT_H 1
| #define HAVE_UNISTD_H 1
| #define HAVE_DIRENT_H 1
| #define STDC_HEADERS 1
| #define HAVE_FCNTL_H 1
| #define HAVE_SYS_TERMIOS_H 1
| #define HAVE_UNISTD_H 1
| #define RETSIGTYPE void
| #define HAVE_STRCHR 1
| #define HAVE_MEMCPY 1
| #define HAVE_MEMSET 1
| #define HAVE_GETCWD 1
| #define HAVE_REGCOMP 1
| #define HAVE_STRERROR 1
| #define HAVE_VSNPRINTF 1
| #define HAVE_SNPRINTF 1
| #define HAVE_LSTAT 1
| #define LSTAT_FOLLOWS_SLASHED_SYMLINK 1
| /* end confdefs.h.  */
| #include <stdio.h>
| #if HAVE_SYS_TYPES_H
| # include <sys/types.h>
| #endif
| #if HAVE_SYS_STAT_H
| # include <sys/stat.h>
| #endif
| #if STDC_HEADERS
| # include <stdlib.h>
| # include <stddef.h>
| #else
| # if HAVE_STDLIB_H
| #  include <stdlib.h>
| # endif
| #endif
| #if HAVE_STRING_H
| # if !STDC_HEADERS && HAVE_MEMORY_H
| #  include <memory.h>
| # endif
| # include <string.h>
| #endif
| #if HAVE_STRINGS_H
| # include <strings.h>
| #endif
| #if HAVE_INTTYPES_H
| # include <inttypes.h>
| #else
| # if HAVE_STDINT_H
| #  include <stdint.h>
| # endif
| #endif
| #if HAVE_UNISTD_H
| # include <unistd.h>
| #endif
| int
| main ()
| {
| struct stat sbuf;
|   exit (lstat ("", &sbuf) ? 1 : 0);
|   ;
|   return 0;
| }
configure:5704: result: no
configure:5879: creating ./config.status

## ---------------------- ##
## Running config.status. ##
## ---------------------- ##

This file was extended by config.status, which was
generated by GNU Autoconf 2.57.  Invocation command line was

  CONFIG_FILES    = 
  CONFIG_HEADERS  = 
  CONFIG_LINKS    = 
  CONFIG_COMMANDS = 
  $ ./config.status 

on ubuntu

config.status:680: creating Makefile
config.status:680: creating doc/Makefile
config.status:680: creating src/Makefile
config.status:680: creating contrib/Makefile
config.status:784: creating config.h
config.status:1042: executing depfiles commands

## ---------------- ##
## Cache variables. ##
## ---------------- ##

ac_cv_build=i686-pc-linux-gnu
ac_cv_build_alias=i686-pc-linux-gnu
ac_cv_c_compiler_gnu=yes
ac_cv_c_const=yes
ac_cv_env_CC_set=set
ac_cv_env_CC_value=gcc
ac_cv_env_CFLAGS_set=
ac_cv_env_CFLAGS_value=
ac_cv_env_CPPFLAGS_set=
ac_cv_env_CPPFLAGS_value=
ac_cv_env_CPP_set=
ac_cv_env_CPP_value=
ac_cv_env_LDFLAGS_set=
ac_cv_env_LDFLAGS_value=
ac_cv_env_build_alias_set=
ac_cv_env_build_alias_value=
ac_cv_env_host_alias_set=
ac_cv_env_host_alias_value=
ac_cv_env_target_alias_set=
ac_cv_env_target_alias_value=
ac_cv_exeext=
ac_cv_func__setmode=no
ac_cv_func_fixkeypad=no
ac_cv_func_getcwd=yes
ac_cv_func_lstat=yes
ac_cv_func_lstat_dereferences_slashed_symlink=yes
ac_cv_func_lstat_empty_string_bug=no
ac_cv_func_memcpy=yes
ac_cv_func_memset=yes
ac_cv_func_regcmp=no
ac_cv_func_regcomp=yes
ac_cv_func_setmode=no
ac_cv_func_snprintf=yes
ac_cv_func_strchr=yes
ac_cv_func_strerror=yes
ac_cv_func_vsnprintf=yes
ac_cv_header_dirent_dirent_h=yes
ac_cv_header_fcntl_h=yes
ac_cv_header_inttypes_h=yes
ac_cv_header_memory_h=yes
ac_cv_header_regex_h=yes
ac_cv_header_stdc=yes
ac_cv_header_stdint_h=yes
ac_cv_header_stdlib_h=yes
ac_cv_header_string_h=yes
ac_cv_header_strings_h=yes
ac_cv_header_sys_stat_h=yes
ac_cv_header_sys_termios_h=yes
ac_cv_header_sys_types_h=yes
ac_cv_header_sys_window_h=no
ac_cv_header_unistd_h=yes
ac_cv_host=i686-pc-linux-gnu
ac_cv_host_alias=i686-pc-linux-gnu
ac_cv_lib_fl_yywrap=yes
ac_cv_lib_regex_regcomp=no
ac_cv_objext=o
ac_cv_path_install='/usr/bin/install -c'
ac_cv_prog_AWK=gawk
ac_cv_prog_CPP='gcc -E'
ac_cv_prog_LEX=flex
ac_cv_prog_YACC='bison -y'
ac_cv_prog_ac_ct_CC=gcc
ac_cv_prog_cc_g=yes
ac_cv_prog_cc_stdc=
ac_cv_prog_egrep='grep -E'
ac_cv_prog_gnome2=true
ac_cv_prog_lex_root=lex.yy
ac_cv_prog_lex_yytext_pointer=yes
ac_cv_prog_make_make_set=yes
ac_cv_search_opendir='none required'
ac_cv_type_mode_t=yes
ac_cv_type_pid_t=yes
ac_cv_type_signal=void
ac_cv_type_size_t=yes
am_cv_CC_dependencies_compiler_type=gcc3

## ----------------- ##
## Output variables. ##
## ----------------- ##

ACLOCAL='${SHELL} /root/cedet-1.0.1/cscope-15.5/missing --run aclocal-1.7'
AMDEPBACKSLASH='\'
AMDEP_FALSE='#'
AMDEP_TRUE=''
AMTAR='${SHELL} /root/cedet-1.0.1/cscope-15.5/missing --run tar'
AUTOCONF='${SHELL} /root/cedet-1.0.1/cscope-15.5/missing --run autoconf'
AUTOHEADER='${SHELL} /root/cedet-1.0.1/cscope-15.5/missing --run autoheader'
AUTOMAKE='${SHELL} /root/cedet-1.0.1/cscope-15.5/missing --run automake-1.7'
AWK='gawk'
CC='gcc'
CCDEPMODE='depmode=gcc3'
CFLAGS='-g -O2'
CPP='gcc -E'
CPPFLAGS=''
CURSES_INCLUDEDIR=''
CURSES_LIBS='-lncurses'
CYGPATH_W='echo'
DEFS='-DHAVE_CONFIG_H'
DEPDIR='.deps'
ECHO_C=''
ECHO_N='-n'
ECHO_T=''
EGREP='grep -E'
EXEEXT=''
GNOME_LINUX_FALSE=''
GNOME_LINUX_TRUE='#'
HAS_CURSES_FALSE='#'
HAS_CURSES_TRUE=''
HAS_GNOME_FALSE='#'
HAS_GNOME_TRUE=''
INSTALL_DATA='${INSTALL} -m 644'
INSTALL_PROGRAM='${INSTALL}'
INSTALL_SCRIPT='${INSTALL}'
INSTALL_STRIP_PROGRAM='${SHELL} $(install_sh) -c -s'
LDFLAGS=''
LEX='flex'
LEXLIB='-lfl'
LEX_OUTPUT_ROOT='lex.yy'
LIBOBJS=''
LIBS=''
LTLIBOBJS=''
MAKEINFO='${SHELL} /root/cedet-1.0.1/cscope-15.5/missing --run makeinfo'
OBJEXT='o'
PACKAGE='cscope'
PACKAGE_BUGREPORT=''
PACKAGE_NAME=''
PACKAGE_STRING=''
PACKAGE_TARNAME=''
PACKAGE_VERSION=''
PATH_SEPARATOR=':'
SET_MAKE=''
SHELL='/bin/sh'
STRIP=''
USING_GNOME2_FALSE=''
USING_GNOME2_TRUE='#'
USING_LEX_FALSE=''
USING_LEX_TRUE='#'
VERSION='15.5'
YACC='bison -y'
ac_ct_CC='gcc'
ac_ct_STRIP=''
am__fastdepCC_FALSE='#'
am__fastdepCC_TRUE=''
am__include='include'
am__quote=''
bindir='${exec_prefix}/bin'
build='i686-pc-linux-gnu'
build_alias=''
build_cpu='i686'
build_os='linux-gnu'
build_vendor='pc'
datadir='${prefix}/share'
exec_prefix='${prefix}'
gnome1=''
gnome2='true'
host='i686-pc-linux-gnu'
host_alias=''
host_cpu='i686'
host_os='linux-gnu'
host_vendor='pc'
includedir='${prefix}/include'
infodir='${prefix}/info'
install_sh='/root/cedet-1.0.1/cscope-15.5/install-sh'
libdir='${exec_prefix}/lib'
libexecdir='${exec_prefix}/libexec'
localstatedir='${prefix}/var'
mandir='${prefix}/man'
oldincludedir='/usr/include'
prefix='/usr/local'
program_transform_name='s,x,x,'
sbindir='${exec_prefix}/sbin'
sharedstatedir='${prefix}/com'
sysconfdir='${prefix}/etc'
target_alias=''

## ----------- ##
## confdefs.h. ##
## ----------- ##

#define HAS_CURSES 1
#define HAVE_DIRENT_H 1
#define HAVE_FCNTL_H 1
#define HAVE_GETCWD 1
#define HAVE_INTTYPES_H 1
#define HAVE_LSTAT 1
#define HAVE_MEMCPY 1
#define HAVE_MEMORY_H 1
#define HAVE_MEMSET 1
#define HAVE_REGCOMP 1
#define HAVE_SNPRINTF 1
#define HAVE_STDINT_H 1
#define HAVE_STDLIB_H 1
#define HAVE_STRCHR 1
#define HAVE_STRERROR 1
#define HAVE_STRINGS_H 1
#define HAVE_STRING_H 1
#define HAVE_SYS_STAT_H 1
#define HAVE_SYS_TERMIOS_H 1
#define HAVE_SYS_TYPES_H 1
#define HAVE_UNISTD_H 1
#define HAVE_UNISTD_H 1
#define HAVE_VSNPRINTF 1
#define LSTAT_FOLLOWS_SLASHED_SYMLINK 1
#define Linux 1
#define PACKAGE "cscope"
#define PACKAGE_BUGREPORT ""
#define PACKAGE_NAME ""
#define PACKAGE_STRING ""
#define PACKAGE_TARNAME ""
#define PACKAGE_VERSION ""
#define RETSIGTYPE void
#define STDC_HEADERS 1
#define STDC_HEADERS 1
#define USE_NCURSES 1
#define VERSION "15.5"
#define YYTEXT_POINTER 1

configure: exit 0
